<?xml version="1.0" encoding="UTF-8"?>
<testsuite xmlns:xsi="http://www.w3.org/2001/XMLSchema-instance" xsi:noNamespaceSchemaLocation="https://maven.apache.org/surefire/maven-surefire-plugin/xsd/surefire-test-report.xsd" name="pl.polsl.lab.BoardTest" time="0.125" tests="41" errors="0" skipped="0" failures="0">
  <properties>
[...]
</properties>
  <testcase name="testAddMine{int, int, int}[1]" classname="pl.polsl.lab.BoardTest" time="0.031"/>
  <testcase name="testAddMine{int, int, int}[2]" classname="pl.polsl.lab.BoardTest" time="0.001"/>
  <testcase name="testAddMine{int, int, int}[3]" classname="pl.polsl.lab.BoardTest" time="0"/>
  <testcase name="testAddMine{int, int, int}[4]" classname="pl.polsl.lab.BoardTest" time="0"/>
  <testcase name="testAddMine{int, int, int}[5]" classname="pl.polsl.lab.BoardTest" time="0"/>
  <testcase name="testRevealSingleCellException{int, int, int}[1]" classname="pl.polsl.lab.BoardTest" time="0.001"/>
  <testcase name="testRevealSingleCellException{int, int, int}[2]" classname="pl.polsl.lab.BoardTest" time="0.005"/>
  <testcase name="testRevealSingleCellException{int, int, int}[3]" classname="pl.polsl.lab.BoardTest" time="0.001"/>
  <testcase name="testRevealSingleCellException{int, int, int}[4]" classname="pl.polsl.lab.BoardTest" time="0"/>
  <testcase name="testRevealSingleCellException{int, int, int}[5]" classname="pl.polsl.lab.BoardTest" time="0"/>
  <testcase name="testRandomizeMinesOnBoard{int, int}[1]" classname="pl.polsl.lab.BoardTest" time="0.003"/>
  <testcase name="testRandomizeMinesOnBoard{int, int}[2]" classname="pl.polsl.lab.BoardTest" time="0"/>
  <testcase name="testRandomizeMinesOnBoard{int, int}[3]" classname="pl.polsl.lab.BoardTest" time="0"/>
  <testcase name="testRandomizeMinesOnBoard{int, int}[4]" classname="pl.polsl.lab.BoardTest" time="0"/>
  <testcase name="testRandomizeMinesOnBoard{int, int}[5]" classname="pl.polsl.lab.BoardTest" time="0"/>
  <testcase name="testShowWholeBoard{int}[1]" classname="pl.polsl.lab.BoardTest" time="0.001"/>
  <testcase name="testShowWholeBoard{int}[2]" classname="pl.polsl.lab.BoardTest" time="0"/>
  <testcase name="testShowWholeBoard{int}[3]" classname="pl.polsl.lab.BoardTest" time="0"/>
  <testcase name="testShowWholeBoard{int}[4]" classname="pl.polsl.lab.BoardTest" time="0"/>
  <testcase name="testShowWholeBoard{int}[5]" classname="pl.polsl.lab.BoardTest" time="0"/>
  <testcase name="testIsGameWon{int, int, int, boolean}[1]" classname="pl.polsl.lab.BoardTest" time="0.001"/>
  <testcase name="testIsGameWon{int, int, int, boolean}[2]" classname="pl.polsl.lab.BoardTest" time="0"/>
  <testcase name="testIsGameWon{int, int, int, boolean}[3]" classname="pl.polsl.lab.BoardTest" time="0.001"/>
  <testcase name="testIsGameWon{int, int, int, boolean}[4]" classname="pl.polsl.lab.BoardTest" time="0.001"/>
  <testcase name="testIsGameWon{int, int, int, boolean}[5]" classname="pl.polsl.lab.BoardTest" time="0.001"/>
  <testcase name="testIsGameWon{int, int, int, boolean}[6]" classname="pl.polsl.lab.BoardTest" time="0.001"/>
  <testcase name="testIsInputValid{int, int, int, boolean}[1]" classname="pl.polsl.lab.BoardTest" time="0"/>
  <testcase name="testIsInputValid{int, int, int, boolean}[2]" classname="pl.polsl.lab.BoardTest" time="0"/>
  <testcase name="testIsInputValid{int, int, int, boolean}[3]" classname="pl.polsl.lab.BoardTest" time="0"/>
  <testcase name="testIsInputValid{int, int, int, boolean}[4]" classname="pl.polsl.lab.BoardTest" time="0.001"/>
  <testcase name="testIsInputValid{int, int, int, boolean}[5]" classname="pl.polsl.lab.BoardTest" time="0"/>
  <testcase name="testRevealSingleCell{int, int, int, int}[1]" classname="pl.polsl.lab.BoardTest" time="0"/>
  <testcase name="testRevealSingleCell{int, int, int, int}[2]" classname="pl.polsl.lab.BoardTest" time="0"/>
  <testcase name="testRevealSingleCell{int, int, int, int}[3]" classname="pl.polsl.lab.BoardTest" time="0"/>
  <testcase name="testRevealSingleCell{int, int, int, int}[4]" classname="pl.polsl.lab.BoardTest" time="0"/>
  <testcase name="testRevealSingleCell{int, int, int, int}[5]" classname="pl.polsl.lab.BoardTest" time="0.001"/>
  <testcase name="testLeftToReveal{int, int, int, int}[1]" classname="pl.polsl.lab.BoardTest" time="0"/>
  <testcase name="testLeftToReveal{int, int, int, int}[2]" classname="pl.polsl.lab.BoardTest" time="0.001"/>
  <testcase name="testLeftToReveal{int, int, int, int}[3]" classname="pl.polsl.lab.BoardTest" time="0"/>
  <testcase name="testLeftToReveal{int, int, int, int}[4]" classname="pl.polsl.lab.BoardTest" time="0.001"/>
  <testcase name="testLeftToReveal{int, int, int, int}[5]" classname="pl.polsl.lab.BoardTest" time="0"/>
</testsuite>